0 info it worked if it ends with ok
1 verbose cli [ '/Users/hgleite/.nvm/versions/node/v4.3.0/bin/node',
1 verbose cli   '/Users/hgleite/.nvm/versions/node/v4.3.0/bin/npm',
1 verbose cli   'start' ]
2 info using npm@2.14.12
3 info using node@v4.3.0
4 verbose run-script [ 'prestart', 'start', 'poststart' ]
5 info prestart eth_mtg_2@0.1.0
6 info start eth_mtg_2@0.1.0
7 verbose unsafe-perm in lifecycle true
8 info eth_mtg_2@0.1.0 Failed to exec start script
9 verbose stack Error: eth_mtg_2@0.1.0 start: `react-scripts start`
9 verbose stack Exit status 1
9 verbose stack     at EventEmitter.<anonymous> (/Users/hgleite/.nvm/versions/node/v4.3.0/lib/node_modules/npm/lib/utils/lifecycle.js:214:16)
9 verbose stack     at emitTwo (events.js:87:13)
9 verbose stack     at EventEmitter.emit (events.js:172:7)
9 verbose stack     at ChildProcess.<anonymous> (/Users/hgleite/.nvm/versions/node/v4.3.0/lib/node_modules/npm/lib/utils/spawn.js:24:14)
9 verbose stack     at emitTwo (events.js:87:13)
9 verbose stack     at ChildProcess.emit (events.js:172:7)
9 verbose stack     at maybeClose (internal/child_process.js:821:16)
9 verbose stack     at Process.ChildProcess._handle.onexit (internal/child_process.js:211:5)
10 verbose pkgid eth_mtg_2@0.1.0
11 verbose cwd /Users/hgleite/Documents/henrique/GoBlockchain/tokenerc721
12 error Darwin 15.6.0
13 error argv "/Users/hgleite/.nvm/versions/node/v4.3.0/bin/node" "/Users/hgleite/.nvm/versions/node/v4.3.0/bin/npm" "start"
14 error node v4.3.0
15 error npm  v2.14.12
16 error code ELIFECYCLE
17 error eth_mtg_2@0.1.0 start: `react-scripts start`
17 error Exit status 1
18 error Failed at the eth_mtg_2@0.1.0 start script 'react-scripts start'.
18 error This is most likely a problem with the eth_mtg_2 package,
18 error not with npm itself.
18 error Tell the author that this fails on your system:
18 error     react-scripts start
18 error You can get their info via:
18 error     npm owner ls eth_mtg_2
18 error There is likely additional logging output above.
19 verbose exit [ 1, true ]
